android/app/build/intermediates/manifest_merge_blame_file/release/manifest-merger-blame-release-report.txt
1<?xml version="1.0" encoding="utf-8"?>
2<manifest xmlns:android="http://schemas.android.com/apk/res/android"
3    package="com.iflashapps.mumsnbub"
4    android:versionCode="14"
5    android:versionName="5.0" >
6
7    <uses-sdk
8        android:minSdkVersion="21"
8-->src\main\AndroidManifest.xml
9        android:targetSdkVersion="29" />
9-->src\main\AndroidManifest.xml
10
11    <uses-permission android:name="android.permission.INTERNET" />
11-->src\main\AndroidManifest.xml:2:3-64
11-->src\main\AndroidManifest.xml:2:20-62
12    <uses-permission android:name="android.permission.SYSTEM_ALERT_WINDOW" />
12-->src\main\AndroidManifest.xml:3:3-75
12-->src\main\AndroidManifest.xml:3:20-73
13    <uses-permission android:name="android.permission.MANAGE_DOCUMENTS" />
13-->src\main\AndroidManifest.xml:4:3-72
13-->src\main\AndroidManifest.xml:4:20-70
14    <uses-permission android:name="android.permission.READ_INTERNAL_STORAGE" />
14-->src\main\AndroidManifest.xml:5:3-77
14-->src\main\AndroidManifest.xml:5:20-75
15    <uses-permission android:name="android.permission.READ_PHONE_STATE" />
15-->src\main\AndroidManifest.xml:6:3-72
15-->src\main\AndroidManifest.xml:6:20-70
16    <uses-permission android:name="android.permission.USE_FINGERPRINT" />
16-->src\main\AndroidManifest.xml:7:3-71
16-->src\main\AndroidManifest.xml:7:20-69
17    <uses-permission android:name="android.permission.VIBRATE" />
17-->src\main\AndroidManifest.xml:8:3-63
17-->src\main\AndroidManifest.xml:8:20-61
18    <uses-permission android:name="android.permission.MODIFY_AUDIO_SETTINGS" />
18-->src\main\AndroidManifest.xml:9:3-77
18-->src\main\AndroidManifest.xml:9:20-75
19    <uses-permission android:name="android.permission.ACCESS_COARSE_LOCATION" />
19-->src\main\AndroidManifest.xml:10:3-78
19-->src\main\AndroidManifest.xml:10:20-76
20    <uses-permission android:name="android.permission.ACCESS_FINE_LOCATION" />
20-->src\main\AndroidManifest.xml:11:3-76
20-->src\main\AndroidManifest.xml:11:20-74
21    <uses-permission android:name="android.permission.CAMERA" />
21-->src\main\AndroidManifest.xml:12:3-62
21-->src\main\AndroidManifest.xml:12:20-60
22    <uses-permission android:name="android.permission.READ_CONTACTS" />
22-->src\main\AndroidManifest.xml:13:3-69
22-->src\main\AndroidManifest.xml:13:20-67
23    <uses-permission android:name="android.permission.READ_CALENDAR" />
23-->src\main\AndroidManifest.xml:14:3-69
23-->src\main\AndroidManifest.xml:14:20-67
24    <uses-permission android:name="android.permission.WRITE_CALENDAR" />
24-->src\main\AndroidManifest.xml:15:3-70
24-->src\main\AndroidManifest.xml:15:20-68
25    <uses-permission android:name="android.permission.READ_EXTERNAL_STORAGE" />
25-->src\main\AndroidManifest.xml:16:3-77
25-->src\main\AndroidManifest.xml:16:20-75
26    <uses-permission android:name="android.permission.RECORD_AUDIO" />
26-->src\main\AndroidManifest.xml:17:3-68
26-->src\main\AndroidManifest.xml:17:20-66
27    <uses-permission android:name="android.permission.WRITE_EXTERNAL_STORAGE" />
27-->src\main\AndroidManifest.xml:18:3-78
27-->src\main\AndroidManifest.xml:18:20-76
28    <uses-permission android:name="android.permission.WRITE_SETTINGS" />
28-->src\main\AndroidManifest.xml:19:3-70
28-->src\main\AndroidManifest.xml:19:20-68
29    <uses-permission android:name="android.permission.ACCESS_NETWORK_STATE" />
29-->[:expo-updates] AndroidManifest.xml:11:5-79
29-->[:expo-updates] AndroidManifest.xml:11:22-76
30    <uses-permission android:name="android.permission.WAKE_LOCK" />
30-->[:react-native-firebase_analytics] AndroidManifest.xml:13:5-68
30-->[:react-native-firebase_analytics] AndroidManifest.xml:13:22-65
31
32    <queries>
32-->[:expo-file-system] AndroidManifest.xml:16:5-22:15
33
34        <!-- Query open documents -->
35        <intent>
35-->[:expo-file-system] AndroidManifest.xml:19:9-21:18
36            <action android:name="android.intent.action.OPEN_DOCUMENT_TREE" />
36-->[:expo-file-system] AndroidManifest.xml:20:13-79
36-->[:expo-file-system] AndroidManifest.xml:20:21-76
37        </intent>
38    </queries> <!-- Required by older versions of Google Play services to create IID tokens -->
39    <uses-permission android:name="com.google.android.c2dm.permission.RECEIVE" />
39-->[com.google.firebase:firebase-messaging:22.0.0] AndroidManifest.xml:25:5-82
39-->[com.google.firebase:firebase-messaging:22.0.0] AndroidManifest.xml:25:22-79
40    <uses-permission android:name="com.google.android.finsky.permission.BIND_GET_INSTALL_REFERRER_SERVICE" /> <!-- for android -->
40-->[com.google.android.gms:play-services-measurement:19.0.0] AndroidManifest.xml:26:5-110
40-->[com.google.android.gms:play-services-measurement:19.0.0] AndroidManifest.xml:26:22-107
41    <!-- <uses-permission android:name="com.android.launcher.permission.READ_SETTINGS"/> -->
42    <!-- <uses-permission android:name="com.android.launcher.permission.WRITE_SETTINGS"/> -->
43    <!-- <uses-permission android:name="com.android.launcher.permission.INSTALL_SHORTCUT" /> -->
44    <!-- <uses-permission android:name="com.android.launcher.permission.UNINSTALL_SHORTCUT" /> -->
45    <!-- for Samsung -->
46    <uses-permission android:name="com.sec.android.provider.badge.permission.READ" />
46-->[me.leolin:ShortcutBadger:1.1.22] AndroidManifest.xml:19:5-86
46-->[me.leolin:ShortcutBadger:1.1.22] AndroidManifest.xml:19:22-83
47    <uses-permission android:name="com.sec.android.provider.badge.permission.WRITE" /> <!-- for htc -->
47-->[me.leolin:ShortcutBadger:1.1.22] AndroidManifest.xml:20:5-87
47-->[me.leolin:ShortcutBadger:1.1.22] AndroidManifest.xml:20:22-84
48    <uses-permission android:name="com.htc.launcher.permission.READ_SETTINGS" />
48-->[me.leolin:ShortcutBadger:1.1.22] AndroidManifest.xml:23:5-81
48-->[me.leolin:ShortcutBadger:1.1.22] AndroidManifest.xml:23:22-78
49    <uses-permission android:name="com.htc.launcher.permission.UPDATE_SHORTCUT" /> <!-- for sony -->
49-->[me.leolin:ShortcutBadger:1.1.22] AndroidManifest.xml:24:5-83
49-->[me.leolin:ShortcutBadger:1.1.22] AndroidManifest.xml:24:22-80
50    <uses-permission android:name="com.sonyericsson.home.permission.BROADCAST_BADGE" />
50-->[me.leolin:ShortcutBadger:1.1.22] AndroidManifest.xml:27:5-88
50-->[me.leolin:ShortcutBadger:1.1.22] AndroidManifest.xml:27:22-85
51    <uses-permission android:name="com.sonymobile.home.permission.PROVIDER_INSERT_BADGE" /> <!-- for apex -->
51-->[me.leolin:ShortcutBadger:1.1.22] AndroidManifest.xml:28:5-92
51-->[me.leolin:ShortcutBadger:1.1.22] AndroidManifest.xml:28:22-89
52    <uses-permission android:name="com.anddoes.launcher.permission.UPDATE_COUNT" /> <!-- for solid -->
52-->[me.leolin:ShortcutBadger:1.1.22] AndroidManifest.xml:31:5-84
52-->[me.leolin:ShortcutBadger:1.1.22] AndroidManifest.xml:31:22-81
53    <uses-permission android:name="com.majeur.launcher.permission.UPDATE_BADGE" /> <!-- for huawei -->
53-->[me.leolin:ShortcutBadger:1.1.22] AndroidManifest.xml:34:5-83
53-->[me.leolin:ShortcutBadger:1.1.22] AndroidManifest.xml:34:22-80
54    <uses-permission android:name="com.huawei.android.launcher.permission.CHANGE_BADGE" />
54-->[me.leolin:ShortcutBadger:1.1.22] AndroidManifest.xml:37:5-91
54-->[me.leolin:ShortcutBadger:1.1.22] AndroidManifest.xml:37:22-88
55    <uses-permission android:name="com.huawei.android.launcher.permission.READ_SETTINGS" />
55-->[me.leolin:ShortcutBadger:1.1.22] AndroidManifest.xml:38:5-92
55-->[me.leolin:ShortcutBadger:1.1.22] AndroidManifest.xml:38:22-89
56    <uses-permission android:name="com.huawei.android.launcher.permission.WRITE_SETTINGS" /> <!-- for ZUK -->
56-->[me.leolin:ShortcutBadger:1.1.22] AndroidManifest.xml:39:5-93
56-->[me.leolin:ShortcutBadger:1.1.22] AndroidManifest.xml:39:22-90
57    <uses-permission android:name="android.permission.READ_APP_BADGE" /> <!-- for OPPO -->
57-->[me.leolin:ShortcutBadger:1.1.22] AndroidManifest.xml:42:5-73
57-->[me.leolin:ShortcutBadger:1.1.22] AndroidManifest.xml:42:22-70
58    <uses-permission android:name="com.oppo.launcher.permission.READ_SETTINGS" />
58-->[me.leolin:ShortcutBadger:1.1.22] AndroidManifest.xml:45:5-82
58-->[me.leolin:ShortcutBadger:1.1.22] AndroidManifest.xml:45:22-79
59    <uses-permission android:name="com.oppo.launcher.permission.WRITE_SETTINGS" /> <!-- for EvMe -->
59-->[me.leolin:ShortcutBadger:1.1.22] AndroidManifest.xml:46:5-83
59-->[me.leolin:ShortcutBadger:1.1.22] AndroidManifest.xml:46:22-80
60    <uses-permission android:name="me.everything.badger.permission.BADGE_COUNT_READ" />
60-->[me.leolin:ShortcutBadger:1.1.22] AndroidManifest.xml:49:5-88
60-->[me.leolin:ShortcutBadger:1.1.22] AndroidManifest.xml:49:22-85
61    <uses-permission android:name="me.everything.badger.permission.BADGE_COUNT_WRITE" />
61-->[me.leolin:ShortcutBadger:1.1.22] AndroidManifest.xml:50:5-89
61-->[me.leolin:ShortcutBadger:1.1.22] AndroidManifest.xml:50:22-86
62
63    <application
63-->src\main\AndroidManifest.xml:20:3-67:17
64        android:name="com.iflashapps.mumsnbub.MainApplication"
64-->src\main\AndroidManifest.xml:20:16-47
65        android:allowBackup="false"
65-->src\main\AndroidManifest.xml:24:16-43
66        android:appComponentFactory="androidx.core.app.CoreComponentFactory"
66-->[androidx.core:core:1.3.0] AndroidManifest.xml:24:18-86
67        android:icon="@mipmap/ic_launcher"
67-->src\main\AndroidManifest.xml:22:16-50
68        android:label="@string/app_name"
68-->src\main\AndroidManifest.xml:21:16-48
69        android:networkSecurityConfig="@xml/network_security_config"
69-->src\main\AndroidManifest.xml:26:16-76
70        android:roundIcon="@mipmap/ic_launcher_round"
70-->src\main\AndroidManifest.xml:23:16-61
71        android:theme="@style/AppTheme" >
71-->src\main\AndroidManifest.xml:25:16-47
72
73        <!-- Change the value to true to enable pop-up for in foreground (remote-only, for local use ignoreInForeground) -->
74        <meta-data
74-->src\main\AndroidManifest.xml:29:5-30:39
75            android:name="com.dieam.reactnativepushnotification.notification_foreground"
75-->src\main\AndroidManifest.xml:29:17-93
76            android:value="true" />
76-->src\main\AndroidManifest.xml:30:17-37
77        <!-- Change the resource name to your App's accent color - or any other color you want -->
78        <meta-data
78-->src\main\AndroidManifest.xml:32:5-33:50
79            android:name="com.dieam.reactnativepushnotification.notification_color"
79-->src\main\AndroidManifest.xml:32:17-88
80            android:resource="@color/white" /> <!-- or @android:color/{name} to use a standard color -->
80-->src\main\AndroidManifest.xml:33:17-48
81
82        <receiver android:name="com.dieam.reactnativepushnotification.modules.RNPushNotificationActions" />
82-->src\main\AndroidManifest.xml:35:5-104
82-->src\main\AndroidManifest.xml:35:15-101
83        <receiver android:name="com.dieam.reactnativepushnotification.modules.RNPushNotificationPublisher" />
83-->src\main\AndroidManifest.xml:36:5-106
83-->src\main\AndroidManifest.xml:36:15-103
84        <receiver android:name="com.dieam.reactnativepushnotification.modules.RNPushNotificationBootEventReceiver" >
84-->src\main\AndroidManifest.xml:37:5-43:16
84-->src\main\AndroidManifest.xml:37:15-111
85            <intent-filter>
85-->src\main\AndroidManifest.xml:38:9-42:25
86                <action android:name="android.intent.action.BOOT_COMPLETED" />
86-->src\main\AndroidManifest.xml:39:13-75
86-->src\main\AndroidManifest.xml:39:21-72
87                <action android:name="android.intent.action.QUICKBOOT_POWERON" />
87-->src\main\AndroidManifest.xml:40:13-78
87-->src\main\AndroidManifest.xml:40:21-75
88                <action android:name="com.htc.intent.action.QUICKBOOT_POWERON" />
88-->src\main\AndroidManifest.xml:41:13-77
88-->src\main\AndroidManifest.xml:41:21-75
89            </intent-filter>
90        </receiver>
91
92        <service
92-->src\main\AndroidManifest.xml:45:5-51:15
93            android:name="com.dieam.reactnativepushnotification.modules.RNPushNotificationListenerService"
93-->src\main\AndroidManifest.xml:46:9-103
94            android:exported="false" >
94-->src\main\AndroidManifest.xml:47:9-33
95            <intent-filter>
95-->src\main\AndroidManifest.xml:48:9-50:25
96                <action android:name="com.google.firebase.MESSAGING_EVENT" />
96-->src\main\AndroidManifest.xml:49:13-74
96-->src\main\AndroidManifest.xml:49:21-71
97            </intent-filter>
98        </service>
99
100        <meta-data
100-->src\main\AndroidManifest.xml:52:5-121
101            android:name="expo.modules.updates.EXPO_UPDATE_URL"
101-->src\main\AndroidManifest.xml:52:16-67
102            android:value="https://exp.host/@whaj47/sugarMama" />
102-->src\main\AndroidManifest.xml:52:68-118
103        <meta-data
103-->src\main\AndroidManifest.xml:53:5-94
104            android:name="expo.modules.updates.EXPO_SDK_VERSION"
104-->src\main\AndroidManifest.xml:53:16-68
105            android:value="38.0.0" />
105-->src\main\AndroidManifest.xml:53:69-91
106        <meta-data
106-->src\main\AndroidManifest.xml:54:5-82
107            android:name="expo.modules.updates.ENABLED"
107-->src\main\AndroidManifest.xml:54:16-59
108            android:value="true" />
108-->src\main\AndroidManifest.xml:54:60-80
109        <meta-data
109-->src\main\AndroidManifest.xml:55:5-105
110            android:name="expo.modules.updates.EXPO_UPDATES_CHECK_ON_LAUNCH"
110-->src\main\AndroidManifest.xml:55:16-80
111            android:value="ALWAYS" />
111-->src\main\AndroidManifest.xml:55:81-103
112        <meta-data
112-->src\main\AndroidManifest.xml:56:5-99
113            android:name="expo.modules.updates.EXPO_UPDATES_LAUNCH_WAIT_MS"
113-->src\main\AndroidManifest.xml:56:16-79
114            android:value="0" />
114-->src\main\AndroidManifest.xml:56:80-97
115        <meta-data
115-->src\main\AndroidManifest.xml:57:5-99
116            android:name="expo.modules.updates.EXPO_RELEASE_CHANNEL"
116-->src\main\AndroidManifest.xml:57:16-72
117            android:value="default" />
117-->src\main\AndroidManifest.xml:57:73-96
118
119        <activity
119-->src\main\AndroidManifest.xml:59:3-65:16
120            android:name="com.iflashapps.mumsnbub.MainActivity"
120-->src\main\AndroidManifest.xml:60:5-33
121            android:configChanges="keyboard|keyboardHidden|orientation|screenSize|uiMode"
121-->src\main\AndroidManifest.xml:60:67-144
122            android:label="@string/app_name"
122-->src\main\AndroidManifest.xml:60:34-66
123            android:launchMode="singleTask"
123-->src\main\AndroidManifest.xml:60:145-176
124            android:theme="@style/Theme.App.SplashScreen"
124-->src\main\AndroidManifest.xml:60:220-265
125            android:windowSoftInputMode="adjustResize" >
125-->src\main\AndroidManifest.xml:60:177-219
126            <intent-filter>
126-->src\main\AndroidManifest.xml:61:7-64:23
127                <action android:name="android.intent.action.MAIN" />
127-->src\main\AndroidManifest.xml:62:9-60
127-->src\main\AndroidManifest.xml:62:17-58
128
129                <category android:name="android.intent.category.LAUNCHER" />
129-->src\main\AndroidManifest.xml:63:9-68
129-->src\main\AndroidManifest.xml:63:19-66
130            </intent-filter>
131        </activity>
132        <activity android:name="com.facebook.react.devsupport.DevSettingsActivity" />
132-->src\main\AndroidManifest.xml:66:5-81
132-->src\main\AndroidManifest.xml:66:15-79
133
134        <meta-data
134-->[:unimodules-react-native-adapter] AndroidManifest.xml:12:9-14:91
135            android:name="org.unimodules.core.AppLoader#react-native-headless"
135-->[:unimodules-react-native-adapter] AndroidManifest.xml:13:13-79
136            android:value="org.unimodules.adapters.react.apploader.RNHeadlessAppLoader" />
136-->[:unimodules-react-native-adapter] AndroidManifest.xml:14:13-88
137        <meta-data
137-->[:react-native-firebase_analytics] AndroidManifest.xml:16:9-18:36
138            android:name="firebase_analytics_collection_enabled"
138-->[:react-native-firebase_analytics] AndroidManifest.xml:17:13-65
139            android:value="true" />
139-->[:react-native-firebase_analytics] AndroidManifest.xml:18:13-33
140
141        <service android:name="io.invertase.firebase.messaging.ReactNativeFirebaseMessagingHeadlessService" />
141-->[:react-native-firebase_messaging] AndroidManifest.xml:16:9-111
141-->[:react-native-firebase_messaging] AndroidManifest.xml:16:18-108
142        <service
142-->[:react-native-firebase_messaging] AndroidManifest.xml:17:9-23:19
143            android:name="io.invertase.firebase.messaging.ReactNativeFirebaseMessagingService"
143-->[:react-native-firebase_messaging] AndroidManifest.xml:18:13-95
144            android:exported="false" >
144-->[:react-native-firebase_messaging] AndroidManifest.xml:19:13-37
145            <intent-filter>
145-->src\main\AndroidManifest.xml:48:9-50:25
146                <action android:name="com.google.firebase.MESSAGING_EVENT" />
146-->src\main\AndroidManifest.xml:49:13-74
146-->src\main\AndroidManifest.xml:49:21-71
147            </intent-filter>
148        </service>
149
150        <receiver
150-->[:react-native-firebase_messaging] AndroidManifest.xml:25:9-32:20
151            android:name="io.invertase.firebase.messaging.ReactNativeFirebaseMessagingReceiver"
151-->[:react-native-firebase_messaging] AndroidManifest.xml:26:13-96
152            android:exported="true"
152-->[:react-native-firebase_messaging] AndroidManifest.xml:27:13-36
153            android:permission="com.google.android.c2dm.permission.SEND" >
153-->[:react-native-firebase_messaging] AndroidManifest.xml:28:13-73
154            <intent-filter>
154-->[:react-native-firebase_messaging] AndroidManifest.xml:29:13-31:29
155                <action android:name="com.google.android.c2dm.intent.RECEIVE" />
155-->[:react-native-firebase_messaging] AndroidManifest.xml:30:17-81
155-->[:react-native-firebase_messaging] AndroidManifest.xml:30:25-78
156            </intent-filter>
157        </receiver>
158
159        <meta-data
159-->[:react-native-firebase_messaging] AndroidManifest.xml:34:9-36:36
160            android:name="firebase_messaging_auto_init_enabled"
160-->[:react-native-firebase_messaging] AndroidManifest.xml:35:13-64
161            android:value="true" />
161-->[:react-native-firebase_messaging] AndroidManifest.xml:36:13-33
162        <meta-data
162-->[:react-native-firebase_messaging] AndroidManifest.xml:37:9-39:32
163            android:name="com.google.firebase.messaging.default_notification_channel_id"
163-->[:react-native-firebase_messaging] AndroidManifest.xml:38:13-89
164            android:value="" />
164-->[:react-native-firebase_messaging] AndroidManifest.xml:39:13-29
165        <meta-data
165-->[:react-native-firebase_messaging] AndroidManifest.xml:40:9-42:47
166            android:name="com.google.firebase.messaging.default_notification_color"
166-->[:react-native-firebase_messaging] AndroidManifest.xml:41:13-84
167            android:resource="@color/white" />
167-->[:react-native-firebase_messaging] AndroidManifest.xml:42:13-44
168
169        <provider
169-->[:expo-file-system] AndroidManifest.xml:25:9-34:20
170            android:name="expo.modules.filesystem.FileSystemFileProvider"
170-->[:expo-file-system] AndroidManifest.xml:26:13-74
171            android:authorities="com.iflashapps.mumsnbub.FileSystemFileProvider"
171-->[:expo-file-system] AndroidManifest.xml:27:13-74
172            android:exported="false"
172-->[:expo-file-system] AndroidManifest.xml:28:13-37
173            android:grantUriPermissions="true" >
173-->[:expo-file-system] AndroidManifest.xml:29:13-47
174            <meta-data
174-->[:expo-file-system] AndroidManifest.xml:31:13-33:70
175                android:name="android.support.FILE_PROVIDER_PATHS"
175-->[:expo-file-system] AndroidManifest.xml:32:17-67
176                android:resource="@xml/file_system_provider_paths" />
176-->[:expo-file-system] AndroidManifest.xml:33:17-67
177        </provider>
178
179        <activity
179-->[com.google.firebase:firebase-auth:21.0.1] AndroidManifest.xml:27:9-44:20
180            android:name="com.google.firebase.auth.internal.GenericIdpActivity"
180-->[com.google.firebase:firebase-auth:21.0.1] AndroidManifest.xml:28:13-80
181            android:excludeFromRecents="true"
181-->[com.google.firebase:firebase-auth:21.0.1] AndroidManifest.xml:29:13-46
182            android:exported="true"
182-->[com.google.firebase:firebase-auth:21.0.1] AndroidManifest.xml:30:13-36
183            android:launchMode="singleTask"
183-->[com.google.firebase:firebase-auth:21.0.1] AndroidManifest.xml:31:13-44
184            android:theme="@android:style/Theme.Translucent.NoTitleBar" >
184-->[com.google.firebase:firebase-auth:21.0.1] AndroidManifest.xml:32:13-72
185            <intent-filter>
185-->[com.google.firebase:firebase-auth:21.0.1] AndroidManifest.xml:33:13-43:29
186                <action android:name="android.intent.action.VIEW" />
186-->[com.google.firebase:firebase-auth:21.0.1] AndroidManifest.xml:34:17-69
186-->[com.google.firebase:firebase-auth:21.0.1] AndroidManifest.xml:34:25-66
187
188                <category android:name="android.intent.category.DEFAULT" />
188-->[com.google.firebase:firebase-auth:21.0.1] AndroidManifest.xml:36:17-76
188-->[com.google.firebase:firebase-auth:21.0.1] AndroidManifest.xml:36:27-73
189                <category android:name="android.intent.category.BROWSABLE" />
189-->[com.google.firebase:firebase-auth:21.0.1] AndroidManifest.xml:37:17-78
189-->[com.google.firebase:firebase-auth:21.0.1] AndroidManifest.xml:37:27-75
190
191                <data
191-->[com.google.firebase:firebase-auth:21.0.1] AndroidManifest.xml:39:17-42:51
192                    android:host="firebase.auth"
192-->[com.google.firebase:firebase-auth:21.0.1] AndroidManifest.xml:40:21-49
193                    android:path="/"
193-->[com.google.firebase:firebase-auth:21.0.1] AndroidManifest.xml:41:21-37
194                    android:scheme="genericidp" />
194-->[com.google.firebase:firebase-auth:21.0.1] AndroidManifest.xml:42:21-48
195            </intent-filter>
196        </activity>
197        <activity
197-->[com.google.firebase:firebase-auth:21.0.1] AndroidManifest.xml:45:9-62:20
198            android:name="com.google.firebase.auth.internal.RecaptchaActivity"
198-->[com.google.firebase:firebase-auth:21.0.1] AndroidManifest.xml:46:13-79
199            android:excludeFromRecents="true"
199-->[com.google.firebase:firebase-auth:21.0.1] AndroidManifest.xml:47:13-46
200            android:exported="true"
200-->[com.google.firebase:firebase-auth:21.0.1] AndroidManifest.xml:48:13-36
201            android:launchMode="singleTask"
201-->[com.google.firebase:firebase-auth:21.0.1] AndroidManifest.xml:49:13-44
202            android:theme="@android:style/Theme.Translucent.NoTitleBar" >
202-->[com.google.firebase:firebase-auth:21.0.1] AndroidManifest.xml:50:13-72
203            <intent-filter>
203-->[com.google.firebase:firebase-auth:21.0.1] AndroidManifest.xml:51:13-61:29
204                <action android:name="android.intent.action.VIEW" />
204-->[com.google.firebase:firebase-auth:21.0.1] AndroidManifest.xml:34:17-69
204-->[com.google.firebase:firebase-auth:21.0.1] AndroidManifest.xml:34:25-66
205
206                <category android:name="android.intent.category.DEFAULT" />
206-->[com.google.firebase:firebase-auth:21.0.1] AndroidManifest.xml:36:17-76
206-->[com.google.firebase:firebase-auth:21.0.1] AndroidManifest.xml:36:27-73
207                <category android:name="android.intent.category.BROWSABLE" />
207-->[com.google.firebase:firebase-auth:21.0.1] AndroidManifest.xml:37:17-78
207-->[com.google.firebase:firebase-auth:21.0.1] AndroidManifest.xml:37:27-75
208
209                <data
209-->[com.google.firebase:firebase-auth:21.0.1] AndroidManifest.xml:39:17-42:51
210                    android:host="firebase.auth"
210-->[com.google.firebase:firebase-auth:21.0.1] AndroidManifest.xml:40:21-49
211                    android:path="/"
211-->[com.google.firebase:firebase-auth:21.0.1] AndroidManifest.xml:41:21-37
212                    android:scheme="recaptcha" />
212-->[com.google.firebase:firebase-auth:21.0.1] AndroidManifest.xml:42:21-48
213            </intent-filter>
214        </activity>
215
216        <service
216-->[com.google.firebase:firebase-auth:21.0.1] AndroidManifest.xml:64:9-73:19
217            android:name="com.google.firebase.auth.api.fallback.service.FirebaseAuthFallbackService"
217-->[com.google.firebase:firebase-auth:21.0.1] AndroidManifest.xml:65:13-101
218            android:enabled="true"
218-->[com.google.firebase:firebase-auth:21.0.1] AndroidManifest.xml:66:13-35
219            android:exported="false" >
219-->[com.google.firebase:firebase-auth:21.0.1] AndroidManifest.xml:67:13-37
220            <intent-filter>
220-->[com.google.firebase:firebase-auth:21.0.1] AndroidManifest.xml:68:13-72:29
221                <action android:name="com.google.firebase.auth.api.gms.service.START" />
221-->[com.google.firebase:firebase-auth:21.0.1] AndroidManifest.xml:69:17-89
221-->[com.google.firebase:firebase-auth:21.0.1] AndroidManifest.xml:69:25-86
222
223                <category android:name="android.intent.category.DEFAULT" />
223-->[com.google.firebase:firebase-auth:21.0.1] AndroidManifest.xml:36:17-76
223-->[com.google.firebase:firebase-auth:21.0.1] AndroidManifest.xml:36:27-73
224            </intent-filter>
225        </service>
226        <service
226-->[com.google.firebase:firebase-auth:21.0.1] AndroidManifest.xml:74:9-80:19
227            android:name="com.google.firebase.components.ComponentDiscoveryService"
227-->[com.google.firebase:firebase-auth:21.0.1] AndroidManifest.xml:75:13-84
228            android:directBootAware="true"
228-->[com.google.firebase:firebase-common:20.0.0] AndroidManifest.xml:35:13-43
229            android:exported="false" >
229-->[com.google.firebase:firebase-auth:21.0.1] AndroidManifest.xml:76:13-37
230            <meta-data
230-->[com.google.firebase:firebase-auth:21.0.1] AndroidManifest.xml:77:13-79:85
231                android:name="com.google.firebase.components:com.google.firebase.auth.FirebaseAuthRegistrar"
231-->[com.google.firebase:firebase-auth:21.0.1] AndroidManifest.xml:78:17-109
232                android:value="com.google.firebase.components.ComponentRegistrar" />
232-->[com.google.firebase:firebase-auth:21.0.1] AndroidManifest.xml:79:17-82
233            <meta-data
233-->[com.google.firebase:firebase-messaging:22.0.0] AndroidManifest.xml:52:13-54:85
234                android:name="com.google.firebase.components:com.google.firebase.messaging.FirebaseMessagingRegistrar"
234-->[com.google.firebase:firebase-messaging:22.0.0] AndroidManifest.xml:53:17-119
235                android:value="com.google.firebase.components.ComponentRegistrar" />
235-->[com.google.firebase:firebase-messaging:22.0.0] AndroidManifest.xml:54:17-82
236            <meta-data
236-->[com.google.firebase:firebase-datatransport:18.0.0] AndroidManifest.xml:28:13-30:85
237                android:name="com.google.firebase.components:com.google.firebase.datatransport.TransportRegistrar"
237-->[com.google.firebase:firebase-datatransport:18.0.0] AndroidManifest.xml:29:17-115
238                android:value="com.google.firebase.components.ComponentRegistrar" />
238-->[com.google.firebase:firebase-datatransport:18.0.0] AndroidManifest.xml:30:17-82
239            <meta-data
239-->[com.google.firebase:firebase-firestore:23.0.2] AndroidManifest.xml:20:13-22:85
240                android:name="com.google.firebase.components:com.google.firebase.firestore.FirestoreRegistrar"
240-->[com.google.firebase:firebase-firestore:23.0.2] AndroidManifest.xml:21:17-111
241                android:value="com.google.firebase.components.ComponentRegistrar" />
241-->[com.google.firebase:firebase-firestore:23.0.2] AndroidManifest.xml:22:17-82
242            <meta-data
242-->[com.google.android.gms:play-services-measurement-api:19.0.0] AndroidManifest.xml:30:13-32:85
243                android:name="com.google.firebase.components:com.google.firebase.analytics.connector.internal.AnalyticsConnectorRegistrar"
243-->[com.google.android.gms:play-services-measurement-api:19.0.0] AndroidManifest.xml:31:17-139
244                android:value="com.google.firebase.components.ComponentRegistrar" />
244-->[com.google.android.gms:play-services-measurement-api:19.0.0] AndroidManifest.xml:32:17-82
245            <meta-data
245-->[com.google.firebase:firebase-installations:17.0.0] AndroidManifest.xml:18:13-20:85
246                android:name="com.google.firebase.components:com.google.firebase.installations.FirebaseInstallationsRegistrar"
246-->[com.google.firebase:firebase-installations:17.0.0] AndroidManifest.xml:19:17-127
247                android:value="com.google.firebase.components.ComponentRegistrar" />
247-->[com.google.firebase:firebase-installations:17.0.0] AndroidManifest.xml:20:17-82
248        </service>
249
250        <receiver
250-->[com.google.firebase:firebase-messaging:22.0.0] AndroidManifest.xml:28:9-35:20
251            android:name="com.google.firebase.iid.FirebaseInstanceIdReceiver"
251-->[com.google.firebase:firebase-messaging:22.0.0] AndroidManifest.xml:29:13-78
252            android:exported="true"
252-->[com.google.firebase:firebase-messaging:22.0.0] AndroidManifest.xml:30:13-36
253            android:permission="com.google.android.c2dm.permission.SEND" >
253-->[com.google.firebase:firebase-messaging:22.0.0] AndroidManifest.xml:31:13-73
254            <intent-filter>
254-->[:react-native-firebase_messaging] AndroidManifest.xml:29:13-31:29
255                <action android:name="com.google.android.c2dm.intent.RECEIVE" />
255-->[:react-native-firebase_messaging] AndroidManifest.xml:30:17-81
255-->[:react-native-firebase_messaging] AndroidManifest.xml:30:25-78
256            </intent-filter>
257        </receiver>
258        <!--
259             FirebaseMessagingService performs security checks at runtime,